# JRE version: Java(TM) SE Runtime Environment (8.0_171-b11) (build 1.8.0_171-b11)
# Java VM: Java HotSpot(TM) 64-Bit Server VM (25.171-b11 mixed mode windows-amd64 compressed oops)
Heap:
 PSYoungGen      total 223232K, used 118916K [0x00000000d5980000, 0x00000000eda80000, 0x0000000100000000)
  eden space 99328K, 8% used [0x00000000d5980000,0x00000000d6146b08,0x00000000dba80000)
  from space 123904K, 89% used [0x00000000e4600000,0x00000000eb25a788,0x00000000ebf00000)
  to   space 142848K, 0% used [0x00000000dba80000,0x00000000dba80000,0x00000000e4600000)
 ParOldGen       total 351232K, used 173114K [0x0000000080c00000, 0x0000000096300000, 0x00000000d5980000)
  object space 351232K, 49% used [0x0000000080c00000,0x000000008b50e898,0x0000000096300000)
 Metaspace       used 26471K, capacity 27404K, committed 27776K, reserved 1073152K
  class space    used 3688K, capacity 3905K, committed 3968K, reserved 1048576K
GC Heap History (10 events):
Event: 3.744 GC heap before
{Heap before GC invocations=7 (full 2):
 PSYoungGen      total 58880K, used 53760K [0x00000000d5980000, 0x00000000da080000, 0x0000000100000000)
  eden space 53760K, 100% used [0x00000000d5980000,0x00000000d8e00000,0x00000000d8e00000)
  from space 5120K, 0% used [0x00000000d9300000,0x00000000d9300000,0x00000000d9800000)
  to   space 5120K, 0% used [0x00000000d8e00000,0x00000000d8e00000,0x00000000d9300000)
 ParOldGen       total 173568K, used 52451K [0x0000000080c00000, 0x000000008b580000, 0x00000000d5980000)
  object space 173568K, 30% used [0x0000000080c00000,0x0000000083f38fb8,0x000000008b580000)
 Metaspace       used 22494K, capacity 23332K, committed 23552K, reserved 1069056K
  class space    used 3100K, capacity 3295K, committed 3328K, reserved 1048576K
Event: 3.769 GC heap after
Heap after GC invocations=7 (full 2):
 PSYoungGen      total 58880K, used 5120K [0x00000000d5980000, 0x00000000e2a00000, 0x0000000100000000)
  eden space 53760K, 0% used [0x00000000d5980000,0x00000000d5980000,0x00000000d8e00000)
  from space 5120K, 100% used [0x00000000d8e00000,0x00000000d9300000,0x00000000d9300000)
  to   space 65536K, 0% used [0x00000000dea00000,0x00000000dea00000,0x00000000e2a00000)
 ParOldGen       total 173568K, used 107251K [0x0000000080c00000, 0x000000008b580000, 0x00000000d5980000)
  object space 173568K, 61% used [0x0000000080c00000,0x00000000874bcfb8,0x000000008b580000)
 Metaspace       used 22494K, capacity 23332K, committed 23552K, reserved 1069056K
  class space    used 3100K, capacity 3295K, committed 3328K, reserved 1048576K
}
Event: 3.894 GC heap before
{Heap before GC invocations=8 (full 2):
 PSYoungGen      total 58880K, used 58880K [0x00000000d5980000, 0x00000000e2a00000, 0x0000000100000000)
  eden space 53760K, 100% used [0x00000000d5980000,0x00000000d8e00000,0x00000000d8e00000)
  from space 5120K, 100% used [0x00000000d8e00000,0x00000000d9300000,0x00000000d9300000)
  to   space 65536K, 0% used [0x00000000dea00000,0x00000000dea00000,0x00000000e2a00000)
 ParOldGen       total 173568K, used 107251K [0x0000000080c00000, 0x000000008b580000, 0x00000000d5980000)
  object space 173568K, 61% used [0x0000000080c00000,0x00000000874bcfb8,0x000000008b580000)
 Metaspace       used 22494K, capacity 23332K, committed 23552K, reserved 1069056K
  class space    used 3100K, capacity 3295K, committed 3328K, reserved 1048576K
Event: 3.920 GC heap after
Heap after GC invocations=8 (full 2):
 PSYoungGen      total 135680K, used 59840K [0x00000000d5980000, 0x00000000e4580000, 0x0000000100000000)
  eden space 70144K, 0% used [0x00000000d5980000,0x00000000d5980000,0x00000000d9e00000)
  from space 65536K, 91% used [0x00000000dea00000,0x00000000e2470000,0x00000000e2a00000)
  to   space 77824K, 0% used [0x00000000d9e00000,0x00000000d9e00000,0x00000000dea00000)
 ParOldGen       total 173568K, used 107251K [0x0000000080c00000, 0x000000008b580000, 0x00000000d5980000)
  object space 173568K, 61% used [0x0000000080c00000,0x00000000874bcfb8,0x000000008b580000)
 Metaspace       used 22494K, capacity 23332K, committed 23552K, reserved 1069056K
  class space    used 3100K, capacity 3295K, committed 3328K, reserved 1048576K
}
Event: 4.081 GC heap before
{Heap before GC invocations=9 (full 2):
 PSYoungGen      total 135680K, used 129984K [0x00000000d5980000, 0x00000000e4580000, 0x0000000100000000)
  eden space 70144K, 100% used [0x00000000d5980000,0x00000000d9e00000,0x00000000d9e00000)
  from space 65536K, 91% used [0x00000000dea00000,0x00000000e2470000,0x00000000e2a00000)
  to   space 77824K, 0% used [0x00000000d9e00000,0x00000000d9e00000,0x00000000dea00000)
 ParOldGen       total 173568K, used 107251K [0x0000000080c00000, 0x000000008b580000, 0x00000000d5980000)
  object space 173568K, 61% used [0x0000000080c00000,0x00000000874bcfb8,0x000000008b580000)
 Metaspace       used 22494K, capacity 23332K, committed 23552K, reserved 1069056K
  class space    used 3100K, capacity 3295K, committed 3328K, reserved 1048576K
Event: 4.139 GC heap after
Heap after GC invocations=9 (full 2):
 PSYoungGen      total 147968K, used 77824K [0x00000000d5980000, 0x00000000ebf00000, 0x0000000100000000)
  eden space 70144K, 0% used [0x00000000d5980000,0x00000000d5980000,0x00000000d9e00000)
  from space 77824K, 100% used [0x00000000d9e00000,0x00000000dea00000,0x00000000dea00000)
  to   space 123904K, 0% used [0x00000000e4600000,0x00000000e4600000,0x00000000ebf00000)
 ParOldGen       total 173568K, used 166155K [0x0000000080c00000, 0x000000008b580000, 0x00000000d5980000)
  object space 173568K, 95% used [0x0000000080c00000,0x000000008ae42fb8,0x000000008b580000)
 Metaspace       used 22494K, capacity 23332K, committed 23552K, reserved 1069056K
  class space    used 3100K, capacity 3295K, committed 3328K, reserved 1048576K
}
Event: 4.139 GC heap before
{Heap before GC invocations=10 (full 3):
 PSYoungGen      total 147968K, used 77824K [0x00000000d5980000, 0x00000000ebf00000, 0x0000000100000000)
  eden space 70144K, 0% used [0x00000000d5980000,0x00000000d5980000,0x00000000d9e00000)
  from space 77824K, 100% used [0x00000000d9e00000,0x00000000dea00000,0x00000000dea00000)
  to   space 123904K, 0% used [0x00000000e4600000,0x00000000e4600000,0x00000000ebf00000)
 ParOldGen       total 173568K, used 166155K [0x0000000080c00000, 0x000000008b580000, 0x00000000d5980000)
  object space 173568K, 95% used [0x0000000080c00000,0x000000008ae42fb8,0x000000008b580000)
 Metaspace       used 22494K, capacity 23332K, committed 23552K, reserved 1069056K
  class space    used 3100K, capacity 3295K, committed 3328K, reserved 1048576K
Event: 4.239 GC heap after
Heap after GC invocations=10 (full 3):
 PSYoungGen      total 147968K, used 56923K [0x00000000d5980000, 0x00000000ebf00000, 0x0000000100000000)
  eden space 70144K, 0% used [0x00000000d5980000,0x00000000d5980000,0x00000000d9e00000)
  from space 77824K, 73% used [0x00000000d9e00000,0x00000000dd596f00,0x00000000dea00000)
  to   space 123904K, 0% used [0x00000000e4600000,0x00000000e4600000,0x00000000ebf00000)
 ParOldGen       total 351232K, used 173106K [0x0000000080c00000, 0x0000000096300000, 0x00000000d5980000)
  object space 351232K, 49% used [0x0000000080c00000,0x000000008b50c898,0x0000000096300000)
 Metaspace       used 22494K, capacity 23332K, committed 23552K, reserved 1069056K
  class space    used 3100K, capacity 3295K, committed 3328K, reserved 1048576K
}
Event: 5.443 GC heap before
{Heap before GC invocations=11 (full 3):
 PSYoungGen      total 147968K, used 127067K [0x00000000d5980000, 0x00000000ebf00000, 0x0000000100000000)
  eden space 70144K, 100% used [0x00000000d5980000,0x00000000d9e00000,0x00000000d9e00000)
  from space 77824K, 73% used [0x00000000d9e00000,0x00000000dd596f00,0x00000000dea00000)
  to   space 123904K, 0% used [0x00000000e4600000,0x00000000e4600000,0x00000000ebf00000)
 ParOldGen       total 351232K, used 173106K [0x0000000080c00000, 0x0000000096300000, 0x00000000d5980000)
  object space 351232K, 49% used [0x0000000080c00000,0x000000008b50c898,0x0000000096300000)
 Metaspace       used 25465K, capacity 26280K, committed 26624K, reserved 1073152K
  class space    used 3553K, capacity 3723K, committed 3840K, reserved 1048576K
Event: 5.497 GC heap after
Heap after GC invocations=11 (full 3):
 PSYoungGen      total 223232K, used 110953K [0x00000000d5980000, 0x00000000eda80000, 0x0000000100000000)
  eden space 99328K, 0% used [0x00000000d5980000,0x00000000d5980000,0x00000000dba80000)
  from space 123904K, 89% used [0x00000000e4600000,0x00000000eb25a788,0x00000000ebf00000)
  to   space 142848K, 0% used [0x00000000dba80000,0x00000000dba80000,0x00000000e4600000)
 ParOldGen       total 351232K, used 173114K [0x0000000080c00000, 0x0000000096300000, 0x00000000d5980000)
  object space 351232K, 49% used [0x0000000080c00000,0x000000008b50e898,0x0000000096300000)
 Metaspace       used 25465K, capacity 26280K, committed 26624K, reserved 1073152K
  class space    used 3553K, capacity 3723K, committed 3840K, reserved 1048576K
}

